[2021-04-03T14:49:47.783] [DEBUG] cheese - login => username:zs,password:123456
[2021-04-03T14:49:47.968] [DEBUG] cheese - zs
[2021-04-03T14:49:49.312] [DEBUG] cheese - null
[2021-04-03T14:49:49.346] [DEBUG] cheese - null
[2021-04-03T14:50:31.052] [DEBUG] cheese - login => username:admin,password:123456
[2021-04-03T14:50:31.053] [DEBUG] cheese - admin
[2021-04-03T14:50:31.229] [DEBUG] cheese - null
[2021-04-03T14:50:31.229] [DEBUG] cheese - null
[2021-04-03T18:09:32.024] [DEBUG] cheese - login => username:111111,password:111111
[2021-04-03T18:09:32.143] [DEBUG] cheese - 111111
[2021-04-03T18:09:33.465] [DEBUG] cheese - null
[2021-04-03T18:09:33.466] [DEBUG] cheese - null
[2021-04-03T18:12:45.899] [DEBUG] cheese - login => username:111111,password:111111
[2021-04-03T18:12:45.970] [DEBUG] cheese - 111111
[2021-04-03T18:12:46.008] [DEBUG] cheese - null
[2021-04-03T18:12:46.008] [DEBUG] cheese - null
[2021-04-03T18:13:22.320] [DEBUG] cheese - login => username:111111,password:111111
[2021-04-03T18:13:22.320] [DEBUG] cheese - 111111
[2021-04-03T18:13:22.473] [DEBUG] cheese - null
[2021-04-03T18:13:22.474] [DEBUG] cheese - null
[2021-04-03T18:13:35.859] [DEBUG] cheese - login => username:111111,password:111111
[2021-04-03T18:13:35.860] [DEBUG] cheese - 111111
[2021-04-03T18:13:35.882] [DEBUG] cheese - null
[2021-04-03T18:13:35.882] [DEBUG] cheese - null
[2021-04-03T18:14:23.135] [DEBUG] cheese - login => username:111111,password:111111
[2021-04-03T18:14:23.135] [DEBUG] cheese - 111111
[2021-04-03T18:14:23.283] [DEBUG] cheese - null
[2021-04-03T18:14:23.283] [DEBUG] cheese - null
[2021-04-03T18:15:43.326] [DEBUG] cheese - login => username:111111,password:111111
[2021-04-03T18:15:43.326] [DEBUG] cheese - 111111
[2021-04-03T18:15:43.834] [DEBUG] cheese - null
[2021-04-03T18:15:43.834] [DEBUG] cheese - null
[2021-04-03T18:18:02.225] [DEBUG] cheese - login => username:111111,password:111111
[2021-04-03T18:18:02.225] [DEBUG] cheese - 111111
[2021-04-03T18:18:02.463] [DEBUG] cheese - null
[2021-04-03T18:18:02.463] [DEBUG] cheese - null
[2021-04-03T18:18:13.508] [DEBUG] cheese - login => username:111111,password:111111
[2021-04-03T18:18:13.525] [DEBUG] cheese - 111111
[2021-04-03T18:18:13.527] [DEBUG] cheese - null
[2021-04-03T18:18:13.527] [DEBUG] cheese - null
[2021-04-03T18:20:08.863] [DEBUG] cheese - login => username:111111,password:111111
[2021-04-03T18:20:08.863] [DEBUG] cheese - 111111
[2021-04-03T18:20:08.894] [DEBUG] cheese - null
[2021-04-03T18:20:08.894] [DEBUG] cheese - null
[2021-04-03T18:20:13.774] [DEBUG] cheese - login => username:111111,password:111111
[2021-04-03T18:20:13.774] [DEBUG] cheese - 111111
[2021-04-03T18:20:13.776] [DEBUG] cheese - null
[2021-04-03T18:20:13.777] [DEBUG] cheese - null
[2021-04-03T18:20:14.210] [DEBUG] cheese - login => username:111111,password:111111
[2021-04-03T18:20:14.210] [DEBUG] cheese - 111111
[2021-04-03T18:20:14.577] [DEBUG] cheese - login => username:111111,password:111111
[2021-04-03T18:20:14.577] [DEBUG] cheese - 111111
[2021-04-03T18:20:15.367] [DEBUG] cheese - login => username:111111,password:111111
[2021-04-03T18:20:15.368] [DEBUG] cheese - 111111
[2021-04-03T18:20:15.370] [DEBUG] cheese - null
[2021-04-03T18:20:15.370] [DEBUG] cheese - null
[2021-04-03T18:20:15.501] [DEBUG] cheese - login => username:111111,password:111111
[2021-04-03T18:20:15.502] [DEBUG] cheese - 111111
[2021-04-03T18:20:15.579] [DEBUG] cheese - null
[2021-04-03T18:20:15.579] [DEBUG] cheese - null
[2021-04-03T18:20:16.271] [DEBUG] cheese - null
[2021-04-03T18:20:16.271] [DEBUG] cheese - null
[2021-04-03T18:20:16.302] [DEBUG] cheese - null
[2021-04-03T18:20:16.302] [DEBUG] cheese - null
[2021-04-03T18:20:19.496] [DEBUG] cheese - login => username:111111,password:111111
[2021-04-03T18:20:19.497] [DEBUG] cheese - 111111
[2021-04-03T18:20:19.848] [DEBUG] cheese - null
[2021-04-03T18:20:19.848] [DEBUG] cheese - null
[2021-04-03T18:24:38.520] [DEBUG] cheese - login => username:111111,password:111111
[2021-04-03T18:24:38.520] [DEBUG] cheese - 111111
[2021-04-03T18:24:38.523] [DEBUG] cheese - null
[2021-04-03T18:24:38.523] [DEBUG] cheese - null
[2021-04-03T18:25:07.750] [DEBUG] cheese - login => username:admin,password:123456
[2021-04-03T18:25:07.750] [DEBUG] cheese - admin
[2021-04-03T18:25:08.107] [DEBUG] cheese - null
[2021-04-03T18:25:08.107] [DEBUG] cheese - null
[2021-04-03T18:31:37.961] [DEBUG] cheese - login => username:admin,password:123456
[2021-04-03T18:31:37.961] [DEBUG] cheese - admin
[2021-04-03T18:31:37.968] [DEBUG] cheese - null
[2021-04-03T18:31:37.968] [DEBUG] cheese - null
[2021-04-03T18:34:13.415] [DEBUG] cheese - login => username:admin,password:123456
[2021-04-03T18:34:13.416] [DEBUG] cheese - admin
[2021-04-03T18:34:13.420] [DEBUG] cheese - null
[2021-04-03T18:34:13.421] [DEBUG] cheese - null
[2021-04-03T18:34:19.948] [DEBUG] cheese - login => username:admin,password:123456
[2021-04-03T18:34:19.948] [DEBUG] cheese - admin
[2021-04-03T18:34:19.952] [DEBUG] cheese - null
[2021-04-03T18:34:19.952] [DEBUG] cheese - null
[2021-04-03T18:38:18.182] [DEBUG] cheese - login => username:admin,password:123456
[2021-04-03T18:38:18.182] [DEBUG] cheese - admin
[2021-04-03T18:38:18.188] [DEBUG] cheese - null
[2021-04-03T18:38:18.188] [DEBUG] cheese - null
[2021-04-03T18:40:18.303] [DEBUG] cheese - login => username:admin,password:123456
[2021-04-03T18:40:18.303] [DEBUG] cheese - admin
[2021-04-03T18:40:18.310] [DEBUG] cheese - null
[2021-04-03T18:40:18.310] [DEBUG] cheese - null
[2021-04-03T18:40:27.189] [DEBUG] cheese - login => username:admi,password:123456
[2021-04-03T18:40:27.189] [DEBUG] cheese - admi
[2021-04-03T18:40:27.193] [DEBUG] cheese - null
[2021-04-03T18:40:27.193] [DEBUG] cheese - null
[2021-04-03T18:40:39.848] [DEBUG] cheese - login => username:admin,password:123451
[2021-04-03T18:40:39.848] [DEBUG] cheese - admin
[2021-04-03T18:40:39.854] [DEBUG] cheese - null
[2021-04-03T18:40:39.855] [DEBUG] cheese - null
[2021-04-03T18:40:43.965] [DEBUG] cheese - login => username:admin,password:123456
[2021-04-03T18:40:43.965] [DEBUG] cheese - admin
[2021-04-03T18:40:43.972] [DEBUG] cheese - null
[2021-04-03T18:40:43.973] [DEBUG] cheese - null
[2021-04-03T18:42:35.108] [DEBUG] cheese - login => username:admin,password:123456
[2021-04-03T18:42:35.528] [DEBUG] cheese - admin
[2021-04-03T18:42:35.532] [DEBUG] cheese - null
[2021-04-03T18:42:35.532] [DEBUG] cheese - null
[2021-04-03T18:44:56.129] [DEBUG] cheese - login => username:admin,password:123456
[2021-04-03T18:44:56.129] [DEBUG] cheese - admin
[2021-04-03T18:44:56.172] [DEBUG] cheese - null
[2021-04-03T18:44:56.172] [DEBUG] cheese - null
[2021-04-03T18:47:50.357] [DEBUG] cheese - login => username:admin,password:123451
[2021-04-03T18:47:50.357] [DEBUG] cheese - admin
[2021-04-03T18:47:50.728] [DEBUG] cheese - null
[2021-04-03T18:47:50.729] [DEBUG] cheese - null
[2021-04-03T18:47:56.036] [DEBUG] cheese - login => username:admin,password:123456
[2021-04-03T18:47:56.036] [DEBUG] cheese - admin
[2021-04-03T18:47:56.040] [DEBUG] cheese - null
[2021-04-03T18:47:56.041] [DEBUG] cheese - null
[2021-04-03T18:56:34.553] [DEBUG] cheese - login => username:admin,password:123456
[2021-04-03T18:56:34.553] [DEBUG] cheese - admin
[2021-04-03T18:56:34.885] [DEBUG] cheese - null
[2021-04-03T18:56:34.885] [DEBUG] cheese - null
[2021-04-03T18:59:54.931] [DEBUG] cheese - login => username:admin,password:123456
[2021-04-03T18:59:54.932] [DEBUG] cheese - admin
[2021-04-03T18:59:54.936] [DEBUG] cheese - null
[2021-04-03T18:59:54.937] [DEBUG] cheese - null
[2021-04-03T19:03:08.333] [DEBUG] cheese - login => username:admin,password:123456
[2021-04-03T19:03:08.333] [DEBUG] cheese - admin
[2021-04-03T19:03:08.415] [DEBUG] cheese - null
[2021-04-03T19:03:08.415] [DEBUG] cheese - null
[2021-04-05T14:48:50.435] [DEBUG] cheese - login => username:admin,password:123456
[2021-04-05T14:48:50.551] [DEBUG] cheese - admin
[2021-04-05T14:48:51.367] [DEBUG] cheese - null
[2021-04-05T14:48:51.468] [DEBUG] cheese - null
[2021-04-05T17:40:51.412] [DEBUG] cheese - login => username:admin,password:123456
[2021-04-05T17:40:51.552] [DEBUG] cheese - admin
[2021-04-05T17:40:51.988] [DEBUG] cheese - null
[2021-04-05T17:40:51.988] [DEBUG] cheese - null
[2021-04-06T14:02:39.170] [DEBUG] cheese - login => username:admin,password:123456
[2021-04-06T14:02:39.205] [DEBUG] cheese - admin
[2021-04-06T14:02:39.279] [DEBUG] cheese - null
[2021-04-06T14:02:39.281] [DEBUG] cheese - null
[2021-04-06T18:31:42.079] [DEBUG] cheese - null
[2021-04-06T18:35:09.534] [DEBUG] cheese - null
[2021-04-06T18:35:26.178] [DEBUG] cheese - null
[2021-04-06T18:36:10.360] [DEBUG] cheese - null
[2021-04-06T18:36:30.776] [DEBUG] cheese - null
[2021-04-06T18:36:45.434] [DEBUG] cheese - null
[2021-04-06T18:41:07.962] [DEBUG] cheese - null
[2021-04-06T18:42:30.220] [DEBUG] cheese - null
[2021-04-06T18:44:13.045] [DEBUG] cheese - null
[2021-04-06T18:44:33.820] [DEBUG] cheese - null
[2021-04-06T18:45:44.019] [DEBUG] cheese - null
[2021-04-06T20:27:17.206] [DEBUG] cheese - null
[2021-04-07T14:31:34.255] [DEBUG] cheese - login => username:admin,password:123456
[2021-04-07T14:31:34.407] [DEBUG] cheese - admin
[2021-04-07T14:31:34.584] [DEBUG] cheese - null
[2021-04-07T14:31:34.584] [DEBUG] cheese - null
[2021-04-08T17:53:25.720] [DEBUG] cheese - login => username:admin,password:123456
[2021-04-08T17:53:25.891] [DEBUG] cheese - admin
[2021-04-08T17:53:26.820] [DEBUG] cheese - null
[2021-04-08T17:53:26.858] [DEBUG] cheese - null
[2021-04-08T18:46:10.129] [DEBUG] cheese - login => username:admin,password:123456
[2021-04-08T18:46:10.131] [DEBUG] cheese - admin
[2021-04-08T18:46:10.209] [DEBUG] cheese - null
[2021-04-08T18:46:10.210] [DEBUG] cheese - null
[2021-04-08T19:57:02.061] [DEBUG] cheese - login => username:double,password:111111
[2021-04-08T19:57:02.098] [DEBUG] cheese - double
[2021-04-08T19:57:02.101] [DEBUG] cheese - null
[2021-04-08T19:57:02.102] [DEBUG] cheese - null
[2021-04-08T19:57:17.527] [DEBUG] cheese - login => username:admin,password:123456
[2021-04-08T19:57:17.527] [DEBUG] cheese - admin
[2021-04-08T19:57:17.529] [DEBUG] cheese - null
[2021-04-08T19:57:17.529] [DEBUG] cheese - null
[2021-04-13T14:44:58.735] [DEBUG] cheese - login => username:admin,password:123456
[2021-04-13T14:44:58.861] [DEBUG] cheese - admin
[2021-04-13T14:45:03.124] [DEBUG] cheese - null
[2021-04-13T14:45:03.125] [DEBUG] cheese - null
[2021-04-14T15:20:36.227] [DEBUG] cheese - login => username:admin,password:123456
[2021-04-14T15:20:36.668] [DEBUG] cheese - admin
[2021-04-14T15:20:38.593] [DEBUG] cheese - null
[2021-04-14T15:20:38.718] [DEBUG] cheese - null
[2021-04-14T16:40:42.732] [DEBUG] cheese - login => username:admin,password:123456
[2021-04-14T16:40:42.933] [DEBUG] cheese - admin
[2021-04-14T16:40:43.772] [DEBUG] cheese - null
[2021-04-14T16:40:43.819] [DEBUG] cheese - null
[2021-04-14T17:41:07.060] [DEBUG] cheese - null
[2021-04-14T17:59:40.008] [DEBUG] cheese - null
[2021-04-14T18:02:52.553] [DEBUG] cheese - null
[2021-04-14T21:02:14.664] [DEBUG] cheese - login => username:admin,password:123456
[2021-04-14T21:02:14.666] [DEBUG] cheese - admin
[2021-04-14T21:02:14.745] [DEBUG] cheese - null
[2021-04-14T21:02:14.746] [DEBUG] cheese - null
[2021-04-14T22:29:37.642] [DEBUG] cheese - login => username:admin,password:123456
[2021-04-14T22:29:37.718] [DEBUG] cheese - admin
[2021-04-14T22:29:38.359] [DEBUG] cheese - null
[2021-04-14T22:29:38.411] [DEBUG] cheese - null
[2021-04-15T15:51:24.861] [DEBUG] cheese - login => username:admin,password:123456
[2021-04-15T15:51:25.109] [DEBUG] cheese - admin
[2021-04-15T15:51:27.144] [DEBUG] cheese - null
[2021-04-15T15:51:27.193] [DEBUG] cheese - null
[2021-04-15T15:54:31.986] [DEBUG] cheese - login => username:admin,password:123456
[2021-04-15T15:54:32.099] [DEBUG] cheese - admin
[2021-04-15T15:54:32.149] [DEBUG] cheese - null
[2021-04-15T15:54:32.215] [DEBUG] cheese - null
[2021-04-15T16:02:25.957] [DEBUG] cheese - login => username:admin,password:123456
[2021-04-15T16:02:25.981] [DEBUG] cheese - admin
[2021-04-15T16:02:26.119] [DEBUG] cheese - null
[2021-04-15T16:02:26.120] [DEBUG] cheese - null
[2021-04-15T17:12:44.483] [DEBUG] cheese - login => username:admin,password:123456
[2021-04-15T17:12:44.606] [DEBUG] cheese - admin
[2021-04-15T17:12:45.301] [DEBUG] cheese - null
[2021-04-15T17:12:45.326] [DEBUG] cheese - null
[2021-04-15T17:23:22.922] [DEBUG] cheese - login => username:admin,password:123456
[2021-04-15T17:23:22.986] [DEBUG] cheese - admin
[2021-04-15T17:23:23.015] [DEBUG] cheese - null
[2021-04-15T17:23:23.032] [DEBUG] cheese - null
[2021-04-15T17:41:15.832] [DEBUG] cheese - login => username:admin,password:123456
[2021-04-15T17:41:15.911] [DEBUG] cheese - admin
[2021-04-15T17:41:16.545] [DEBUG] cheese - null
[2021-04-15T17:41:16.552] [DEBUG] cheese - null
[2021-04-15T18:14:17.830] [DEBUG] cheese - login => username:admin,password:123456
[2021-04-15T18:14:17.843] [DEBUG] cheese - admin
[2021-04-15T18:14:19.264] [DEBUG] cheese - null
[2021-04-15T18:14:19.265] [DEBUG] cheese - null
[2021-04-15T18:14:27.684] [DEBUG] cheese - login => username:admin,password:123456
[2021-04-15T18:14:27.685] [DEBUG] cheese - admin
[2021-04-15T18:14:27.912] [DEBUG] cheese - null
[2021-04-15T18:14:27.912] [DEBUG] cheese - null
[2021-04-15T18:15:02.573] [DEBUG] cheese - login => username:admin,password:123456
[2021-04-15T18:15:02.574] [DEBUG] cheese - admin
[2021-04-15T18:15:02.584] [DEBUG] cheese - null
[2021-04-15T18:15:02.585] [DEBUG] cheese - null
[2021-04-15T18:31:31.091] [DEBUG] cheese - login => username:admin,password:123456
[2021-04-15T18:31:31.091] [DEBUG] cheese - admin
[2021-04-15T18:31:31.120] [DEBUG] cheese - null
[2021-04-15T18:31:31.120] [DEBUG] cheese - null
[2021-04-15T18:32:51.765] [DEBUG] cheese - login => username:admin,password:123456
[2021-04-15T18:32:51.765] [DEBUG] cheese - admin
[2021-04-15T18:32:51.877] [DEBUG] cheese - null
[2021-04-15T18:32:51.878] [DEBUG] cheese - null
[2021-04-15T18:33:33.335] [DEBUG] cheese - login => username:admin,password:123456
[2021-04-15T18:33:33.336] [DEBUG] cheese - admin
[2021-04-15T18:33:33.338] [DEBUG] cheese - null
[2021-04-15T18:33:33.338] [DEBUG] cheese - null
[2021-04-15T18:47:42.059] [DEBUG] cheese - login => username:admin,password:123456
[2021-04-15T18:47:42.137] [DEBUG] cheese - admin
[2021-04-15T18:47:42.433] [DEBUG] cheese - null
[2021-04-15T18:47:42.433] [DEBUG] cheese - null
[2021-04-15T18:48:11.560] [DEBUG] cheese - login => username:admin,password:123456
[2021-04-15T18:48:11.560] [DEBUG] cheese - admin
[2021-04-15T18:48:11.668] [DEBUG] cheese - null
[2021-04-15T18:48:11.668] [DEBUG] cheese - null
[2021-04-15T18:54:59.547] [DEBUG] cheese - login => username:admin,password:123456
[2021-04-15T18:54:59.585] [DEBUG] cheese - admin
[2021-04-15T18:54:59.622] [DEBUG] cheese - null
[2021-04-15T18:54:59.623] [DEBUG] cheese - null
[2021-04-15T18:56:10.613] [DEBUG] cheese - login => username:admin,password:123456
[2021-04-15T18:56:10.614] [DEBUG] cheese - admin
[2021-04-15T18:56:10.628] [DEBUG] cheese - null
[2021-04-15T18:56:10.628] [DEBUG] cheese - null
[2021-04-15T19:00:27.206] [DEBUG] cheese - login => username:admin,password:123456
[2021-04-15T19:00:27.208] [DEBUG] cheese - admin
[2021-04-15T19:00:27.212] [DEBUG] cheese - null
[2021-04-15T19:00:27.212] [DEBUG] cheese - null
[2021-04-15T19:09:54.189] [DEBUG] cheese - login => username:admin,password:123456
[2021-04-15T19:09:54.189] [DEBUG] cheese - admin
[2021-04-15T19:09:54.192] [DEBUG] cheese - null
[2021-04-15T19:09:54.192] [DEBUG] cheese - null
[2021-04-15T19:24:25.102] [DEBUG] cheese - login => username:admin,password:123456
[2021-04-15T19:24:25.103] [DEBUG] cheese - admin
[2021-04-15T19:24:25.221] [DEBUG] cheese - null
[2021-04-15T19:24:25.221] [DEBUG] cheese - null
[2021-04-15T19:25:07.777] [DEBUG] cheese - login => username:admin,password:123456
[2021-04-15T19:25:07.778] [DEBUG] cheese - admin
[2021-04-15T19:25:07.780] [DEBUG] cheese - null
[2021-04-15T19:25:07.781] [DEBUG] cheese - null
[2021-04-15T19:25:10.374] [DEBUG] cheese - login => username:admin,password:123456
[2021-04-15T19:25:10.374] [DEBUG] cheese - admin
[2021-04-15T19:25:10.598] [DEBUG] cheese - null
[2021-04-15T19:25:10.598] [DEBUG] cheese - null
[2021-04-15T19:29:59.688] [DEBUG] cheese - login => username:admin,password:123456
[2021-04-15T19:29:59.688] [DEBUG] cheese - admin
[2021-04-15T19:29:59.791] [DEBUG] cheese - null
[2021-04-15T19:29:59.791] [DEBUG] cheese - null
